<?xml version="1.0" encoding="UTF-8"?>
<!-- Generated by org.testng.reporters.JUnitXMLReporter -->
<testsuite ignored="7" hostname="DESKTOP-6MLC63T" failures="0" tests="4" name="Test" time="2.924" errors="0" timestamp="2023-07-11T15:15:10 IST">
  <testcase classname="com.ish.genericutility.BaseClass" name="@BeforeClass openBrowser" time="1.68">
    <failure type="java.lang.IllegalStateException" message="The path to the driver executable Unable to locate the chromedriver executable; for more information on how to install drivers, see https://www.selenium.dev/documentation/webdriver/getting_started/install_drivers/">
      <![CDATA[java.lang.IllegalStateException: The path to the driver executable Unable to locate the chromedriver executable; for more information on how to install drivers, see https://www.selenium.dev/documentation/webdriver/getting_started/install_drivers/
at org.openqa.selenium.internal.Require$StateChecker.nonNull(Require.java:314)
at org.openqa.selenium.remote.service.DriverFinder.getPath(DriverFinder.java:33)
at org.openqa.selenium.chrome.ChromeDriver.generateExecutor(ChromeDriver.java:98)
at org.openqa.selenium.chrome.ChromeDriver.<init>(ChromeDriver.java:88)
at org.openqa.selenium.chrome.ChromeDriver.<init>(ChromeDriver.java:84)
at org.openqa.selenium.chrome.ChromeDriver.<init>(ChromeDriver.java:52)
at com.ish.genericutility.BaseClass.openBrowser(BaseClass.java:48)
at java.base/java.util.ArrayList.forEach(ArrayList.java:1511)
... Removed 23 stack frames]]>
    </failure>
  </testcase> <!-- @BeforeClass openBrowser -->
  <testcase classname="com.ish.genericutility.BaseClass" name="@BeforeMethod loginToApp" time="-1.689068708857E9">
    <skipped/>
  </testcase> <!-- @BeforeMethod loginToApp -->
  <testcase classname="com.ish.genericutility.BaseClass" name="@AfterMethod logoutToApp" time="-1.689068708876E9">
    <skipped/>
  </testcase> <!-- @AfterMethod logoutToApp -->
  <testcase classname="com.ish.genericutility.BaseClass" name="@BeforeMethod loginToApp" time="-1.689068708887E9">
    <skipped/>
  </testcase> <!-- @BeforeMethod loginToApp -->
  <testcase classname="com.ish.genericutility.BaseClass" name="@AfterMethod logoutToApp" time="-1.689068708904E9">
    <skipped/>
  </testcase> <!-- @AfterMethod logoutToApp -->
  <testcase classname="com.ish.genericutility.BaseClass" name="@AfterClass closeBrowser" time="-1.689068708909E9">
    <skipped/>
  </testcase> <!-- @AfterClass closeBrowser -->
  <testcase classname="com.ish.genericutility.BaseClass" name="@BeforeClass openBrowser" time="0.459">
    <failure type="java.lang.IllegalStateException" message="The path to the driver executable Unable to locate the chromedriver executable; for more information on how to install drivers, see https://www.selenium.dev/documentation/webdriver/getting_started/install_drivers/">
      <![CDATA[java.lang.IllegalStateException: The path to the driver executable Unable to locate the chromedriver executable; for more information on how to install drivers, see https://www.selenium.dev/documentation/webdriver/getting_started/install_drivers/
at org.openqa.selenium.internal.Require$StateChecker.nonNull(Require.java:314)
at org.openqa.selenium.remote.service.DriverFinder.getPath(DriverFinder.java:33)
at org.openqa.selenium.chrome.ChromeDriver.generateExecutor(ChromeDriver.java:98)
at org.openqa.selenium.chrome.ChromeDriver.<init>(ChromeDriver.java:88)
at org.openqa.selenium.chrome.ChromeDriver.<init>(ChromeDriver.java:84)
at org.openqa.selenium.chrome.ChromeDriver.<init>(ChromeDriver.java:52)
at com.ish.genericutility.BaseClass.openBrowser(BaseClass.java:48)
at java.base/java.util.ArrayList.forEach(ArrayList.java:1511)
... Removed 23 stack frames]]>
    </failure>
  </testcase> <!-- @BeforeClass openBrowser -->
  <testcase classname="com.ish.genericutility.BaseClass" name="@BeforeMethod loginToApp" time="-1.689068709389E9">
    <skipped/>
  </testcase> <!-- @BeforeMethod loginToApp -->
  <testcase classname="com.ish.genericutility.BaseClass" name="@AfterMethod logoutToApp" time="-1.689068709404E9">
    <skipped/>
  </testcase> <!-- @AfterMethod logoutToApp -->
  <testcase classname="com.ish.genericutility.BaseClass" name="@AfterClass closeBrowser" time="-1.689068709408E9">
    <skipped/>
  </testcase> <!-- @AfterClass closeBrowser -->
  <testcase classname="com.ish.genericutility.BaseClass" name="@BeforeClass openBrowser" time="0.487">
    <failure type="java.lang.IllegalStateException" message="The path to the driver executable Unable to locate the chromedriver executable; for more information on how to install drivers, see https://www.selenium.dev/documentation/webdriver/getting_started/install_drivers/">
      <![CDATA[java.lang.IllegalStateException: The path to the driver executable Unable to locate the chromedriver executable; for more information on how to install drivers, see https://www.selenium.dev/documentation/webdriver/getting_started/install_drivers/
at org.openqa.selenium.internal.Require$StateChecker.nonNull(Require.java:314)
at org.openqa.selenium.remote.service.DriverFinder.getPath(DriverFinder.java:33)
at org.openqa.selenium.chrome.ChromeDriver.generateExecutor(ChromeDriver.java:98)
at org.openqa.selenium.chrome.ChromeDriver.<init>(ChromeDriver.java:88)
at org.openqa.selenium.chrome.ChromeDriver.<init>(ChromeDriver.java:84)
at org.openqa.selenium.chrome.ChromeDriver.<init>(ChromeDriver.java:52)
at com.ish.genericutility.BaseClass.openBrowser(BaseClass.java:48)
at java.base/java.util.ArrayList.forEach(ArrayList.java:1511)
... Removed 23 stack frames]]>
    </failure>
  </testcase> <!-- @BeforeClass openBrowser -->
  <testcase classname="com.ish.genericutility.BaseClass" name="@BeforeMethod loginToApp" time="-1.689068709917E9">
    <skipped/>
  </testcase> <!-- @BeforeMethod loginToApp -->
  <testcase classname="com.ish.genericutility.BaseClass" name="@AfterMethod logoutToApp" time="-1.689068709936E9">
    <skipped/>
  </testcase> <!-- @AfterMethod logoutToApp -->
  <testcase classname="com.ish.genericutility.BaseClass" name="@AfterClass closeBrowser" time="-1.689068709944E9">
    <skipped/>
  </testcase> <!-- @AfterClass closeBrowser -->
  <testcase classname="sms_test.CreateExamTest" name="createExam" time="0.0">
    <skipped/>
  </testcase> <!-- createExam -->
  <testcase classname="sms_test.CreateExamTest" name="editExam" time="0.0">
    <skipped/>
  </testcase> <!-- editExam -->
  <testcase classname="sms_test.CreateTeacherTest" name="createTeacher" time="0.0">
    <skipped/>
  </testcase> <!-- createTeacher -->
  <testcase classname="sms_test.CreateExamTimetableTest" name="createExamTimetable" time="0.0">
    <skipped/>
  </testcase> <!-- createExamTimetable -->
  <testcase classname="com.ish.genericutility.BaseClass" name="@BeforeSuite connectToDB" time="0.0">
    <ignored/>
  </testcase> <!-- @BeforeSuite connectToDB -->
  <testcase classname="com.ish.genericutility.BaseClass" name="@BeforeSuite connectToDB" time="0.0">
    <ignored/>
  </testcase> <!-- @BeforeSuite connectToDB -->
  <testcase classname="com.ish.genericutility.BaseClass" name="@BeforeSuite connectToDB" time="0.0">
    <ignored/>
  </testcase> <!-- @BeforeSuite connectToDB -->
  <testcase classname="sms_test.CreateStudentTest" name="createStudent" time="0.0">
    <ignored/>
  </testcase> <!-- createStudent -->
  <testcase classname="com.ish.genericutility.BaseClass" name="@AfterSuite closeDB" time="0.0">
    <ignored/>
  </testcase> <!-- @AfterSuite closeDB -->
  <testcase classname="com.ish.genericutility.BaseClass" name="@AfterSuite closeDB" time="0.0">
    <ignored/>
  </testcase> <!-- @AfterSuite closeDB -->
  <testcase classname="com.ish.genericutility.BaseClass" name="@AfterSuite closeDB" time="0.0">
    <ignored/>
  </testcase> <!-- @AfterSuite closeDB -->
</testsuite> <!-- Test -->
