<?xml version="1.0" encoding="UTF-8"?>
<!-- Generated by org.testng.reporters.JUnitXMLReporter -->
<testsuite ignored="6" hostname="DESKTOP-6MLC63T" failures="0" tests="5" name="Test" time="132.803" errors="0" timestamp="2023-07-13T10:27:46 IST">
  <testcase classname="sms_test.CreateExamTest" name="createExam" time="8.868"/>
  <testcase classname="sms_test.CreateExamTest" name="editExam" time="0.008"/>
  <testcase classname="sms_test.CreateStudentTest" name="createStudent" time="14.903"/>
  <testcase classname="sms_test.CreateTeacherTest" name="createTeacher" time="11.405"/>
  <testcase classname="sms_test.CreateExamTimetableTest" name="createExamTimetable" time="5.806"/>
  <testcase classname="com.ish.genericutility.BaseClass" name="@BeforeSuite connectToDB" time="0.0">
    <ignored/>
  </testcase> <!-- @BeforeSuite connectToDB -->
  <testcase classname="com.ish.genericutility.BaseClass" name="@BeforeSuite connectToDB" time="0.0">
    <ignored/>
  </testcase> <!-- @BeforeSuite connectToDB -->
  <testcase classname="com.ish.genericutility.BaseClass" name="@BeforeSuite connectToDB" time="0.0">
    <ignored/>
  </testcase> <!-- @BeforeSuite connectToDB -->
  <testcase classname="com.ish.genericutility.BaseClass" name="@AfterSuite closeDB" time="0.0">
    <ignored/>
  </testcase> <!-- @AfterSuite closeDB -->
  <testcase classname="com.ish.genericutility.BaseClass" name="@AfterSuite closeDB" time="0.0">
    <ignored/>
  </testcase> <!-- @AfterSuite closeDB -->
  <testcase classname="com.ish.genericutility.BaseClass" name="@AfterSuite closeDB" time="0.0">
    <ignored/>
  </testcase> <!-- @AfterSuite closeDB -->
</testsuite> <!-- Test -->
