<?xml version="1.0" encoding="UTF-8"?>
<!-- Generated by org.testng.reporters.JUnitXMLReporter -->
<testsuite ignored="1" hostname="DESKTOP-6MLC63T" failures="0" tests="1" name="Default test" time="26.734" errors="0" timestamp="2023-07-13T11:46:51 IST">
  <testcase classname="sms_test.CreateExamTest" name="editExam" time="0.025"/>
  <testcase classname="sms_test.CreateExamTest" name="createExam" time="0.0">
    <ignored/>
  </testcase> <!-- createExam -->
</testsuite> <!-- Default test -->
